Copyright 1986-2014 Xilinx, Inc. All Rights Reserved.
-------------------------------------------------------------------------------------------------------------------------------------------------------
| Tool Version : Vivado v.2014.2 (win64) Build 932637 Wed Jun 11 13:33:10 MDT 2014
| Date         : Mon Oct 27 20:09:23 2014
| Host         : School-idea-PC running 64-bit major release  (build 9200)
| Command      : report_timing_summary -warn_on_violation -file nexys4fpga_main_timing_summary_routed.rpt -pb nexys4fpga_main_timing_summary_routed.pb
| Design       : nexys4fpga_main
| Device       : 7a100t-csg324
| Speed File   : -1  PRODUCTION 1.12 2014-03-13
-------------------------------------------------------------------------------------------------------------------------------------------------------

Timing Summary Report

------------------------------------------------------------------------------------------------
| Timer Settings
| --------------
------------------------------------------------------------------------------------------------

  Enable Multi Corner Analysis               :  Yes
  Enable Pessimism Removal                   :  Yes
  Pessimism Removal Resolution               :  Nearest Common Node
  Enable Input Delay Default Clock           :  No
  Enable Preset / Clear Arcs                 :  No
  Disable Flight Delays                      :  No

  Corner  Analyze    Analyze    
  Name    Max Paths  Min Paths  
  ------  ---------  ---------  
  Slow    Yes        Yes        
  Fast    Yes        Yes        



check_timing report

Table of Contents
-----------------
1. checking no_clock
2. checking constant clock
3. checking pulse_width_clock
4. checking unconstrained_internal_endpoints
5. checking no_input_delay
6. checking no_output_delay
7. checking multiple_clock
8. checking generated_clocks
9. checking loops
10. checking partial_input_delay
11. checking partial_output_delay
12. checking unexpandable_clocks
13. checking latch_loops

1. checking no_clock
--------------------
 There are 32 register/latch pins with no clock driven by root clock pin: PROJ2DEMO/instantiate_loader.jtag_loader_6_inst/jtag_loader_gen.BSCAN_7SERIES_gen.BSCAN_BLOCK_inst/DRCK (HIGH)

 There are 5 register/latch pins with no clock driven by root clock pin: PROJ2DEMO/instantiate_loader.jtag_loader_6_inst/jtag_loader_gen.BSCAN_7SERIES_gen.BSCAN_BLOCK_inst/UPDATE (HIGH)


2. checking constant clock
--------------------------
 There are 0 register/latch pins with constant_clock.


3. checking pulse_width_clock
-----------------------------
 There are 0 register/latch pins which need pulse_width check


4. checking unconstrained_internal_endpoints
--------------------------------------------
 There are 100 pins that are not constrained for maximum delay. (HIGH)

 There are 18 pins that are not constrained for maximum delay due to constant clock. (MEDIUM)


5. checking no_input_delay
--------------------------
 There are 22 input ports with no input delay specified. (HIGH)

 There are 0 input ports with no input delay but user has a false path constraint.


6. checking no_output_delay
---------------------------
 There are 33 ports with no output delay specified. (HIGH)

 There are 0 ports with no output delay but user has a false path constraint

 There are 0 ports with no output delay but has a clock definition.


7. checking multiple_clock
--------------------------
 There are 0 register/latch pins with multiple clocks.


8. checking generated_clocks
----------------------------
 There are 0 generated clocks that are not connected to a clock source.


9. checking loops
-----------------
 There are 0 combinational loops in the design.


10. checking partial_input_delay
--------------------------------
 There are 0 input ports with partial input delay specified.


11. checking partial_output_delay
---------------------------------
 There are 0 ports with partial output delay specified.


12. checking unexpandable_clocks
--------------------------------
 There are 0 unexpandable clock pairs.


13. checking latch_loops
------------------------
 There are 0 combinational latch loops in the design through latch input



------------------------------------------------------------------------------------------------
| Design Timing Summary
| ---------------------
------------------------------------------------------------------------------------------------

    WNS(ns)      TNS(ns)  TNS Failing Endpoints  TNS Total Endpoints      WHS(ns)      THS(ns)  THS Failing Endpoints  THS Total Endpoints     WPWS(ns)     TPWS(ns)  TPWS Failing Endpoints  TPWS Total Endpoints  
    -------      -------  ---------------------  -------------------      -------      -------  ---------------------  -------------------     --------     --------  ----------------------  --------------------  
      1.028        0.000                      0                 1729        0.057        0.000                      0                 1729        3.750        0.000                       0                   698  


All user specified timing constraints are met.


------------------------------------------------------------------------------------------------
| Clock Summary
| -------------
------------------------------------------------------------------------------------------------

Clock        Waveform(ns)       Period(ns)      Frequency(MHz)
-----        ------------       ----------      --------------
sys_clk_pin  {0.000 5.000}      10.000          100.000         


------------------------------------------------------------------------------------------------
| Intra Clock Table
| -----------------
------------------------------------------------------------------------------------------------

Clock             WNS(ns)      TNS(ns)  TNS Failing Endpoints  TNS Total Endpoints      WHS(ns)      THS(ns)  THS Failing Endpoints  THS Total Endpoints     WPWS(ns)     TPWS(ns)  TPWS Failing Endpoints  TPWS Total Endpoints  
-----             -------      -------  ---------------------  -------------------      -------      -------  ---------------------  -------------------     --------     --------  ----------------------  --------------------  
sys_clk_pin         1.028        0.000                      0                 1729        0.057        0.000                      0                 1729        3.750        0.000                       0                   698  


------------------------------------------------------------------------------------------------
| Inter Clock Table
| -----------------
------------------------------------------------------------------------------------------------

From Clock    To Clock          WNS(ns)      TNS(ns)  TNS Failing Endpoints  TNS Total Endpoints      WHS(ns)      THS(ns)  THS Failing Endpoints  THS Total Endpoints  
----------    --------          -------      -------  ---------------------  -------------------      -------      -------  ---------------------  -------------------  


------------------------------------------------------------------------------------------------
| Other Path Groups Table
| -----------------------
------------------------------------------------------------------------------------------------

Path Group    From Clock    To Clock          WNS(ns)      TNS(ns)  TNS Failing Endpoints  TNS Total Endpoints      WHS(ns)      THS(ns)  THS Failing Endpoints  THS Total Endpoints  
----------    ----------    --------          -------      -------  ---------------------  -------------------      -------      -------  ---------------------  -------------------  


------------------------------------------------------------------------------------------------
| Timing Details
| --------------
------------------------------------------------------------------------------------------------


---------------------------------------------------------------------------------------------------
From Clock:  sys_clk_pin
  To Clock:  sys_clk_pin

Setup :            0  Failing Endpoints,  Worst Slack        1.028ns,  Total Violation        0.000ns
Hold  :            0  Failing Endpoints,  Worst Slack        0.057ns,  Total Violation        0.000ns
PW    :            0  Failing Endpoints,  Worst Slack        3.750ns,  Total Violation        0.000ns
---------------------------------------------------------------------------------------------------


Max Delay Paths
--------------------------------------------------------------------------------------
Slack (MET) :             1.028ns  (required time - arrival time)
  Source:                 PROJ2DEMO/ram_2k_generate.akv7.kcpsm6_rom/CLKARDCLK
                            (rising edge-triggered cell RAMB36E1 clocked by sys_clk_pin  {rise@0.000ns fall@5.000ns period=10.000ns})
  Destination:            BOT_IF/led_reg[2]/R
                            (rising edge-triggered cell FDRE clocked by sys_clk_pin  {rise@0.000ns fall@5.000ns period=10.000ns})
  Path Group:             sys_clk_pin
  Path Type:              Setup (Max at Slow Process Corner)
  Requirement:            10.000ns  (sys_clk_pin rise@10.000ns - sys_clk_pin rise@0.000ns)
  Data Path Delay:        8.425ns  (logic 3.540ns (42.019%)  route 4.885ns (57.981%))
  Logic Levels:           5  (LUT4=1 LUT5=2 LUT6=1 RAMD32=1)
  Clock Path Skew:        -0.082ns (DCD - SCD + CPR)
    Destination Clock Delay (DCD):    4.788ns = ( 14.788 - 10.000 ) 
    Source Clock Delay      (SCD):    5.122ns
    Clock Pessimism Removal (CPR):    0.252ns
  Clock Uncertainty:      0.035ns  ((TSJ^2 + TIJ^2)^1/2 + DJ) / 2 + PE
    Total System Jitter     (TSJ):    0.071ns
    Total Input Jitter      (TIJ):    0.000ns
    Discrete Jitter          (DJ):    0.000ns
    Phase Error              (PE):    0.000ns

    Location             Delay type                Incr(ns)  Path(ns)    Netlist Resource(s)
  -------------------------------------------------------------------    -------------------
                         (clock sys_clk_pin rise edge)
                                                      0.000     0.000 r  
    E3                                                0.000     0.000 r  clk
                         net (fo=0)                   0.000     0.000    clk
    E3                   IBUF (Prop_ibuf_I_O)         1.482     1.482 r  clk_IBUF_inst/O
                         net (fo=1, routed)           1.780     3.262    JA_OBUF[7]
    BUFGCTRL_X0Y16       BUFG (Prop_bufg_I_O)         0.096     3.358 r  JA_OBUF_BUFG[7]_inst/O
                         net (fo=698, routed)         1.764     5.122    PROJ2DEMO/JA_OBUF_BUFG[7]
    RAMB36_X3Y17                                                      r  PROJ2DEMO/ram_2k_generate.akv7.kcpsm6_rom/CLKARDCLK
  -------------------------------------------------------------------    -------------------
    RAMB36_X3Y17         RAMB36E1 (Prop_ramb36e1_CLKARDCLK_DOADO[4])
                                                      2.454     7.576 r  PROJ2DEMO/ram_2k_generate.akv7.kcpsm6_rom/DOADO[4]
                         net (fo=14, routed)          1.353     8.929    processor/upper_reg_banks/ADDRA0
    SLICE_X80Y88         RAMD32 (Prop_ramd32_RADR0_O)
                                                      0.150     9.079 f  processor/upper_reg_banks/RAMA/O
                         net (fo=3, routed)           0.849     9.929    processor/data_path_loop[4].output_data.sy_kk_mux_lut/I0
    SLICE_X79Y87         LUT5 (Prop_lut5_I0_O)        0.356    10.285 f  processor/data_path_loop[4].output_data.sy_kk_mux_lut/LUT5/O
                         net (fo=40, routed)          1.097    11.382    PROJ2DEMO/port_id[4]
    SLICE_X79Y85         LUT6 (Prop_lut6_I0_O)        0.332    11.714 r  PROJ2DEMO/led[7]_i_3/O
                         net (fo=4, routed)           0.410    12.124    PROJ2DEMO/n_0_led[7]_i_3
    SLICE_X79Y84         LUT5 (Prop_lut5_I2_O)        0.124    12.248 r  PROJ2DEMO/led[7]_i_2/O
                         net (fo=9, routed)           0.462    12.710    PROJ2DEMO/O5
    SLICE_X81Y83         LUT4 (Prop_lut4_I0_O)        0.124    12.834 r  PROJ2DEMO/led[7]_i_1/O
                         net (fo=8, routed)           0.713    13.547    BOT_IF/I11
    SLICE_X83Y82         FDRE                                         r  BOT_IF/led_reg[2]/R
  -------------------------------------------------------------------    -------------------

                         (clock sys_clk_pin rise edge)
                                                     10.000    10.000 r  
    E3                                                0.000    10.000 r  clk
                         net (fo=0)                   0.000    10.000    clk
    E3                   IBUF (Prop_ibuf_I_O)         1.411    11.411 r  clk_IBUF_inst/O
                         net (fo=1, routed)           1.683    13.094    JA_OBUF[7]
    BUFGCTRL_X0Y16       BUFG (Prop_bufg_I_O)         0.091    13.185 r  JA_OBUF_BUFG[7]_inst/O
                         net (fo=698, routed)         1.602    14.788    BOT_IF/JA_OBUF_BUFG[7]
    SLICE_X83Y82                                                      r  BOT_IF/led_reg[2]/C
                         clock pessimism              0.252    15.040    
                         clock uncertainty           -0.035    15.004    
    SLICE_X83Y82         FDRE (Setup_fdre_C_R)       -0.429    14.575    BOT_IF/led_reg[2]
  -------------------------------------------------------------------
                         required time                         14.575    
                         arrival time                         -13.547    
  -------------------------------------------------------------------
                         slack                                  1.028    





Min Delay Paths
--------------------------------------------------------------------------------------
Slack (MET) :             0.057ns  (arrival time - required time)
  Source:                 BOT/BOTSIMCPU/stack_loop[0].lsb_stack.pointer_flop/C
                            (rising edge-triggered cell FDRE clocked by sys_clk_pin  {rise@0.000ns fall@5.000ns period=10.000ns})
  Destination:            BOT/BOTSIMCPU/stack_ram_high/RAMA/WADR0
                            (rising edge-triggered cell RAMD32 clocked by sys_clk_pin  {rise@0.000ns fall@5.000ns period=10.000ns})
  Path Group:             sys_clk_pin
  Path Type:              Hold (Min at Fast Process Corner)
  Requirement:            0.000ns  (sys_clk_pin rise@0.000ns - sys_clk_pin rise@0.000ns)
  Data Path Delay:        0.380ns  (logic 0.141ns (37.065%)  route 0.239ns (62.935%))
  Logic Levels:           0  
  Clock Path Skew:        0.013ns (DCD - SCD - CPR)
    Destination Clock Delay (DCD):    1.934ns
    Source Clock Delay      (SCD):    1.429ns
    Clock Pessimism Removal (CPR):    0.491ns

    Location             Delay type                Incr(ns)  Path(ns)    Netlist Resource(s)
  -------------------------------------------------------------------    -------------------
                         (clock sys_clk_pin rise edge)
                                                      0.000     0.000 r  
    E3                                                0.000     0.000 r  clk
                         net (fo=0)                   0.000     0.000    clk
    E3                   IBUF (Prop_ibuf_I_O)         0.250     0.250 r  clk_IBUF_inst/O
                         net (fo=1, routed)           0.558     0.808    JA_OBUF[7]
    BUFGCTRL_X0Y16       BUFG (Prop_bufg_I_O)         0.026     0.834 r  JA_OBUF_BUFG[7]_inst/O
                         net (fo=698, routed)         0.596     1.429    BOT/BOTSIMCPU/JA_OBUF_BUFG[7]
    SLICE_X85Y77                                                      r  BOT/BOTSIMCPU/stack_loop[0].lsb_stack.pointer_flop/C
  -------------------------------------------------------------------    -------------------
    SLICE_X85Y77         FDRE (Prop_fdre_C_Q)         0.141     1.570 r  BOT/BOTSIMCPU/stack_loop[0].lsb_stack.pointer_flop/Q
                         net (fo=30, routed)          0.239     1.810    BOT/BOTSIMCPU/stack_ram_high/ADDRD0
    SLICE_X84Y77         RAMD32                                       r  BOT/BOTSIMCPU/stack_ram_high/RAMA/WADR0
  -------------------------------------------------------------------    -------------------

                         (clock sys_clk_pin rise edge)
                                                      0.000     0.000 r  
    E3                                                0.000     0.000 r  clk
                         net (fo=0)                   0.000     0.000    clk
    E3                   IBUF (Prop_ibuf_I_O)         0.438     0.438 r  clk_IBUF_inst/O
                         net (fo=1, routed)           0.603     1.040    JA_OBUF[7]
    BUFGCTRL_X0Y16       BUFG (Prop_bufg_I_O)         0.029     1.069 r  JA_OBUF_BUFG[7]_inst/O
                         net (fo=698, routed)         0.865     1.934    BOT/BOTSIMCPU/stack_ram_high/WCLK
    SLICE_X84Y77                                                      r  BOT/BOTSIMCPU/stack_ram_high/RAMA/CLK
                         clock pessimism             -0.491     1.442    
    SLICE_X84Y77         RAMD32 (Hold_ramd32_CLK_WADR0)
                                                      0.310     1.752    BOT/BOTSIMCPU/stack_ram_high/RAMA
  -------------------------------------------------------------------
                         required time                         -1.752    
                         arrival time                           1.810    
  -------------------------------------------------------------------
                         slack                                  0.057    





Pulse Width Checks
--------------------------------------------------------------------------------------
Clock Name:         sys_clk_pin
Waveform:           { 0 5 }
Period:             10.000
Sources:            { clk }

Check Type        Corner  Lib Pin             Reference Pin  Required  Actual  Slack  Location      Pin
Min Period        n/a     RAMB18E1/CLKARDCLK  n/a            2.576     10.000  7.424  RAMB18_X3Y30  BOT/BOTSIMPGM/kcpsm6_rom/CLKARDCLK
Low Pulse Width   Slow    RAMD64E/CLK         n/a            1.250     5.000   3.750  SLICE_X80Y75  BOT/BOTSIMCPU/data_path_loop[0].small_spm.small_spm_ram.spm_ram/RAMA/CLK
High Pulse Width  Slow    RAMD64E/CLK         n/a            1.250     5.000   3.750  SLICE_X80Y75  BOT/BOTSIMCPU/data_path_loop[0].small_spm.small_spm_ram.spm_ram/RAMA/CLK



